<?xml version="1.0" encoding="UTF-8"?>
<!-- Generated by org.testng.reporters.JUnitXMLReporter -->
<testsuite ignored="0" hostname="SRINIVAS-G2005" failures="0" tests="5" name="Default test" time="65.917" errors="0" timestamp="2025-05-14T18:48:21 IST">
  <testcase classname="testCases.TC_10_Login_DDT" name="Login_DDT" time="11.372"/>
  <testcase classname="testCases.TC_10_Login_DDT" name="Login_DDT" time="10.788"/>
  <testcase classname="testCases.TC_10_Login_DDT" name="Login_DDT" time="10.741"/>
  <testcase classname="testCases.TC_10_Login_DDT" name="Login_DDT" time="10.659"/>
  <testcase classname="testCases.TC_10_Login_DDT" name="Login_DDT" time="10.646"/>
</testsuite> <!-- Default test -->
