<?xml version="1.0" encoding="UTF-8"?>
<!-- Generated by org.testng.reporters.JUnitXMLReporter -->
<testsuite ignored="10" hostname="SRINIVAS-G2005" failures="0" tests="5" name="Test" time="65.229" errors="0" timestamp="2025-05-14T18:53:45 IST">
  <testcase classname="testCases.TC_10_Login_DDT" name="Login_DDT" time="11.342"/>
  <testcase classname="testCases.TC_10_Login_DDT" name="Login_DDT" time="10.805"/>
  <testcase classname="testCases.TC_10_Login_DDT" name="Login_DDT" time="10.78"/>
  <testcase classname="testCases.TC_10_Login_DDT" name="Login_DDT" time="10.693"/>
  <testcase classname="testCases.TC_10_Login_DDT" name="Login_DDT" time="10.694"/>
  <testcase classname="testCases.TC_03_SignOutFromaApplication" name="signOutFromApplication" time="0.0">
    <ignored/>
  </testcase> <!-- signOutFromApplication -->
  <testcase classname="testCases.TC_02_SignInToApplication" name="signIntoApplication" time="0.0">
    <ignored/>
  </testcase> <!-- signIntoApplication -->
  <testcase classname="testCases.TC_08_WorkingWithPagination" name="paginationOfProducts" time="0.0">
    <ignored/>
  </testcase> <!-- paginationOfProducts -->
  <testcase classname="testCases.TC_04_SearchFunctinality" name="searchProduct" time="0.0">
    <ignored/>
  </testcase> <!-- searchProduct -->
  <testcase classname="testCases.TC_09_CheckOutFunctionality" name="checkOutProduct" time="0.0">
    <ignored/>
  </testcase> <!-- checkOutProduct -->
  <testcase classname="testCases.TC_06_AddToFavourites" name="addToFavourites" time="0.0">
    <ignored/>
  </testcase> <!-- addToFavourites -->
  <testcase classname="testCases.TC_05_FilteringProducts" name="searchByCategory" time="0.0">
    <ignored/>
  </testcase> <!-- searchByCategory -->
  <testcase classname="testCases.TC_05_FilteringProducts" name="searchByBrand" time="0.0">
    <ignored/>
  </testcase> <!-- searchByBrand -->
  <testcase classname="testCases.TC_01_RegisterAccount" name="createNewAccount" time="0.0">
    <ignored/>
  </testcase> <!-- createNewAccount -->
  <testcase classname="testCases.TC_07_AddToCart" name="addProductToCart" time="0.0">
    <ignored/>
  </testcase> <!-- addProductToCart -->
</testsuite> <!-- Test -->
