<?xml version="1.0" encoding="UTF-8"?>
<testng-results ignored="0" total="1" passed="1" failed="0" skipped="0">
  <reporter-output>
  </reporter-output>
  <suite started-at="2025-05-10T22:09:20 IST" name="Default suite" finished-at="2025-05-10T22:09:34 IST" duration-ms="13743">
    <groups>
    </groups>
    <test started-at="2025-05-10T22:09:20 IST" name="Default test" finished-at="2025-05-10T22:09:34 IST" duration-ms="13743">
      <class name="testCases.TC_06_AddToFavourites">
        <test-method is-config="true" signature="setUp()[pri:0, instance:testCases.TC_06_AddToFavourites@477b4cdf]" started-at="2025-05-10T22:09:20 IST" name="setUp" finished-at="2025-05-10T22:09:28 IST" duration-ms="7431" status="PASS">
          <reporter-output>
          </reporter-output>
        </test-method> <!-- setUp -->
        <test-method is-config="true" signature="logIn()[pri:0, instance:testCases.TC_06_AddToFavourites@477b4cdf]" started-at="2025-05-10T22:09:28 IST" name="logIn" finished-at="2025-05-10T22:09:29 IST" duration-ms="1400" status="PASS">
          <reporter-output>
          </reporter-output>
        </test-method> <!-- logIn -->
        <test-method signature="addToFavourites()[pri:0, instance:testCases.TC_06_AddToFavourites@477b4cdf]" started-at="2025-05-10T22:09:29 IST" name="addToFavourites" finished-at="2025-05-10T22:09:33 IST" duration-ms="4220" status="PASS">
          <reporter-output>
          </reporter-output>
        </test-method> <!-- addToFavourites -->
        <test-method is-config="true" signature="tearDown()[pri:0, instance:testCases.TC_06_AddToFavourites@477b4cdf]" started-at="2025-05-10T22:09:33 IST" name="tearDown" finished-at="2025-05-10T22:09:34 IST" duration-ms="622" status="PASS">
          <reporter-output>
          </reporter-output>
        </test-method> <!-- tearDown -->
      </class> <!-- testCases.TC_06_AddToFavourites -->
    </test> <!-- Default test -->
  </suite> <!-- Default suite -->
</testng-results>
